<?xml version="1.0" encoding="UTF-8"?><testrun name="FTPTest" project="cshop-manager-web" tests="2" started="2" failures="0" errors="1" ignored="0">
  <testsuite name="com.cshop.controller.FTPTest" time="21.099">
    <testcase name="testFtpUtil" classname="com.cshop.controller.FTPTest" time="0.076"/>
    <testcase name="testFtpClient" classname="com.cshop.controller.FTPTest" time="21.023">
      <error>java.net.ConnectException: Connection timed out: connect&#13;
	at java.net.DualStackPlainSocketImpl.connect0(Native Method)&#13;
	at java.net.DualStackPlainSocketImpl.socketConnect(Unknown Source)&#13;
	at java.net.AbstractPlainSocketImpl.doConnect(Unknown Source)&#13;
	at java.net.AbstractPlainSocketImpl.connectToAddress(Unknown Source)&#13;
	at java.net.AbstractPlainSocketImpl.connect(Unknown Source)&#13;
	at java.net.PlainSocketImpl.connect(Unknown Source)&#13;
	at java.net.SocksSocketImpl.connect(Unknown Source)&#13;
	at java.net.Socket.connect(Unknown Source)&#13;
	at org.apache.commons.net.SocketClient.connect(SocketClient.java:182)&#13;
	at org.apache.commons.net.SocketClient.connect(SocketClient.java:203)&#13;
	at com.cshop.controller.FTPTest.testFtpClient(FTPTest.java:21)&#13;
	at sun.reflect.NativeMethodAccessorImpl.invoke0(Native Method)&#13;
	at sun.reflect.NativeMethodAccessorImpl.invoke(Unknown Source)&#13;
	at sun.reflect.DelegatingMethodAccessorImpl.invoke(Unknown Source)&#13;
	at java.lang.reflect.Method.invoke(Unknown Source)&#13;
	at org.junit.runners.model.FrameworkMethod$1.runReflectiveCall(FrameworkMethod.java:50)&#13;
	at org.junit.internal.runners.model.ReflectiveCallable.run(ReflectiveCallable.java:12)&#13;
	at org.junit.runners.model.FrameworkMethod.invokeExplosively(FrameworkMethod.java:47)&#13;
	at org.junit.internal.runners.statements.InvokeMethod.evaluate(InvokeMethod.java:17)&#13;
	at org.junit.runners.ParentRunner.runLeaf(ParentRunner.java:325)&#13;
	at org.junit.runners.BlockJUnit4ClassRunner.runChild(BlockJUnit4ClassRunner.java:78)&#13;
	at org.junit.runners.BlockJUnit4ClassRunner.runChild(BlockJUnit4ClassRunner.java:57)&#13;
	at org.junit.runners.ParentRunner$3.run(ParentRunner.java:290)&#13;
	at org.junit.runners.ParentRunner$1.schedule(ParentRunner.java:71)&#13;
	at org.junit.runners.ParentRunner.runChildren(ParentRunner.java:288)&#13;
	at org.junit.runners.ParentRunner.access$000(ParentRunner.java:58)&#13;
	at org.junit.runners.ParentRunner$2.evaluate(ParentRunner.java:268)&#13;
	at org.junit.runners.ParentRunner.run(ParentRunner.java:363)&#13;
	at org.eclipse.jdt.internal.junit4.runner.JUnit4TestReference.run(JUnit4TestReference.java:86)&#13;
	at org.eclipse.jdt.internal.junit.runner.TestExecution.run(TestExecution.java:38)&#13;
	at org.eclipse.jdt.internal.junit.runner.RemoteTestRunner.runTests(RemoteTestRunner.java:538)&#13;
	at org.eclipse.jdt.internal.junit.runner.RemoteTestRunner.runTests(RemoteTestRunner.java:760)&#13;
	at org.eclipse.jdt.internal.junit.runner.RemoteTestRunner.run(RemoteTestRunner.java:460)&#13;
	at org.eclipse.jdt.internal.junit.runner.RemoteTestRunner.main(RemoteTestRunner.java:206)&#13;
&#13;
</error>
    </testcase>
  </testsuite>
</testrun>
